<?xml version="1.0" encoding="UTF-8"?>
<robot generator="Robot 7.0 (Python 3.10.12 on linux)" generated="2024-04-19T15:37:54.474277" rpa="false" schemaversion="5">
<suite id="s1" name="Robot Framework" source="/home/wmelo/Robot_Framework">
<suite id="s1-s1" name="API TESTING" source="/home/wmelo/Robot_Framework/API_TESTING">
<suite id="s1-s1-s1" name="Api Users Test" source="/home/wmelo/Robot_Framework/API_TESTING/api_users_test.robot">
<test id="s1-s1-s1-t1" name="Test01: Register new user on ServeRest" line="12">
<kw name="Create new user" owner="api_test_users">
<kw name="Generate Random String" owner="String">
<msg time="2024-04-19T15:37:54.542091" level="INFO">${palavra_aleatória} = kNBG</msg>
<var>${palavra_aleatória}</var>
<arg>length=4</arg>
<arg>chars=[LETTERS]</arg>
<doc>Generates a string with a desired ``length`` from the given ``chars``.</doc>
<status status="PASS" start="2024-04-19T15:37:54.541529" elapsed="0.000745"/>
</kw>
<kw name="Convert To Lower Case" owner="String">
<msg time="2024-04-19T15:37:54.542881" level="INFO">${palavra_aleatória} = knbg</msg>
<var>${palavra_aleatória}</var>
<arg>string=${palavra_aleatória}</arg>
<doc>Converts string to lower case.</doc>
<status status="PASS" start="2024-04-19T15:37:54.542523" elapsed="0.000449"/>
</kw>
<kw name="Set Test Variable" owner="BuiltIn">
<msg time="2024-04-19T15:37:54.543747" level="INFO">${EMAIL_TEST} = knbg@emailtest.com</msg>
<arg>${EMAIL_TEST}</arg>
<arg>${palavra_aleatória}@emailtest.com</arg>
<doc>Makes a variable available everywhere within the scope of the current test.</doc>
<status status="PASS" start="2024-04-19T15:37:54.543121" elapsed="0.000726"/>
</kw>
<kw name="Log" owner="BuiltIn">
<msg time="2024-04-19T15:37:54.544170" level="INFO">"Test Email Criado: knbg@emailtest.com"</msg>
<arg>message="Test Email Criado: ${EMAIL_TEST}"</arg>
<doc>Logs the given message with the given level.</doc>
<status status="PASS" start="2024-04-19T15:37:54.543981" elapsed="0.000272"/>
</kw>
<status status="PASS" start="2024-04-19T15:37:54.540793" elapsed="0.003550"/>
</kw>
<status status="PASS" start="2024-04-19T15:37:54.539966" elapsed="0.004722"/>
</test>
<status status="PASS" start="2024-04-19T15:37:54.497441" elapsed="0.047993"/>
</suite>
<status status="PASS" start="2024-04-19T15:37:54.496078" elapsed="0.050534"/>
</suite>
<status status="PASS" start="2024-04-19T15:37:54.477632" elapsed="0.069900"/>
</suite>
<statistics>
<total>
<stat pass="1" fail="0" skip="0">All Tests</stat>
</total>
<tag>
</tag>
<suite>
<stat pass="1" fail="0" skip="0" id="s1" name="Robot Framework">Robot Framework</stat>
<stat pass="1" fail="0" skip="0" id="s1-s1" name="API TESTING">Robot Framework.API TESTING</stat>
<stat pass="1" fail="0" skip="0" id="s1-s1-s1" name="Api Users Test">Robot Framework.API TESTING.Api Users Test</stat>
</suite>
</statistics>
<errors>
</errors>
</robot>
